<?xml version="1.0" encoding="UTF-8"?>
<!-- Generated by org.testng.reporters.JUnitReportReporter -->
<testsuite hostname="DESKTOP-GPM3KEC" failures="0" tests="3" name="com.Amazon.BrowserTest.AmazonBrowser_DockerTest" time="201.360" errors="0" timestamp="2025-01-24T22:43:33 IST" skipped="0">
  <testcase classname="com.Amazon.BrowserTest.AmazonBrowser_DockerTest" name="browserTest" time="49.185"/>
  <testcase classname="com.Amazon.BrowserTest.AmazonBrowser_DockerTest" name="browserTest" time="64.198"/>
  <testcase classname="com.Amazon.BrowserTest.AmazonBrowser_DockerTest" name="browserTest" time="87.977"/>
</testsuite> <!-- com.Amazon.BrowserTest.AmazonBrowser_DockerTest -->
